<?xml version="1.0" encoding="UTF-8"?>
<!-- Generated by org.testng.reporters.JUnitReportReporter -->
<testsuite hostname="PF2C5962" failures="0" tests="2" name="videoGameAPI.TC_Get_VideoGameAPI_Test" time="4.594" errors="0" timestamp="2023-04-04T10:10:56 IST" skipped="0">
  <testcase classname="videoGameAPI.TC_Get_VideoGameAPI_Test" name="test_getAllVideoGames" time="3.276"/>
  <system-out/>
  <testcase classname="videoGameAPI.TC_Get_VideoGameAPI_Test" name="test_GetNewVideoGame" time="1.318"/>
  <system-out/>
</testsuite> <!-- videoGameAPI.TC_Get_VideoGameAPI_Test -->
