<?xml version="1.0" encoding="UTF-8"?>
<!-- Generated by org.testng.reporters.JUnitReportReporter -->
<testsuite hostname="PF2C5962" failures="0" tests="1" name="videoGameAPI.TC_Delete_VideoGameAPI_Test" time="0.064" errors="0" timestamp="2023-04-04T10:10:56 IST" skipped="0">
  <testcase classname="videoGameAPI.TC_Delete_VideoGameAPI_Test" name="testDeleteVideoGame" time="0.064"/>
  <system-out/>
</testsuite> <!-- videoGameAPI.TC_Delete_VideoGameAPI_Test -->
