<?xml version="1.0" encoding="UTF-8"?>
<!-- Generated by org.testng.reporters.JUnitReportReporter -->
<testsuite hostname="PF2C5962" failures="0" tests="5" name="testCases.TC_VideoGameAPI" time="4.279" errors="0" timestamp="2023-03-30T23:42:41 IST" skipped="0">
  <testcase classname="testCases.TC_VideoGameAPI" name="test_getAllVideoGames" time="2.440"/>
  <system-out/>
  <testcase classname="testCases.TC_VideoGameAPI" name="test_PostNewVideoGame" time="0.729"/>
  <system-out/>
  <testcase classname="testCases.TC_VideoGameAPI" name="test_GetNewVideoGame" time="0.978"/>
  <system-out/>
  <testcase classname="testCases.TC_VideoGameAPI" name="test_UpdateVideoGame" time="0.089"/>
  <system-out/>
  <testcase classname="testCases.TC_VideoGameAPI" name="testDeleteVideoGame" time="0.043"/>
  <system-out/>
</testsuite> <!-- testCases.TC_VideoGameAPI -->
