<?xml version="1.0" encoding="UTF-8"?>
<!-- Generated by org.testng.reporters.JUnitReportReporter -->
<testsuite hostname="daffolap-mac-150s-MacBook-Air.local" failures="0" tests="1" name="videoGameAPI.StatusTest" time="5.867" errors="0" timestamp="2023-04-05T23:15:27 IST" skipped="0">
  <testcase classname="videoGameAPI.StatusTest" name="getStatus" time="5.867"/>
  <system-out/>
</testsuite> <!-- videoGameAPI.StatusTest -->
