<?xml version="1.0" encoding="UTF-8"?>
<!-- Generated by org.testng.reporters.JUnitReportReporter -->
<testsuite hostname="IGNP-LPWDEV0199" failures="0" tests="1" name="sanity_Simple_Book_APIs.GetStatusTest" time="5.298" errors="0" timestamp="2024-04-30T23:06:54 IST" skipped="0">
  <testcase classname="sanity_Simple_Book_APIs.GetStatusTest" name="getStatus" time="5.298"/>
  <system-out/>
</testsuite> <!-- sanity_Simple_Book_APIs.GetStatusTest -->
