<?xml version="1.0" encoding="UTF-8"?>
<!-- Generated by org.testng.reporters.JUnitReportReporter -->
<testsuite hostname="daffolap-mac-150s-MacBook-Air.local" failures="0" tests="1" name="sanity_Simple_Book_APIs.StatusTest" time="3.788" errors="0" timestamp="2023-04-06T10:00:51 IST" skipped="0">
  <testcase classname="sanity_Simple_Book_APIs.StatusTest" name="getStatus" time="3.788"/>
  <system-out/>
</testsuite> <!-- sanity_Simple_Book_APIs.StatusTest -->
