<?xml version="1.0" encoding="UTF-8"?>
<!-- Generated by org.testng.reporters.JUnitReportReporter -->
<testsuite hostname="IGNP-LPWDEV0199" failures="0" tests="2" name="sanity_Simple_Book_APIs.GetListOfBooksTest" time="2.608" errors="0" timestamp="2024-04-30T23:06:54 IST" skipped="0">
  <testcase classname="sanity_Simple_Book_APIs.GetListOfBooksTest" name="getListOfBooks" time="1.314"/>
  <system-out/>
  <testcase classname="sanity_Simple_Book_APIs.GetListOfBooksTest" name="singleBook" time="1.294"/>
  <system-out/>
</testsuite> <!-- sanity_Simple_Book_APIs.GetListOfBooksTest -->
