<?xml version="1.0" encoding="UTF-8"?>
<!-- Generated by org.testng.reporters.JUnitReportReporter -->
<testsuite hostname="IGNP-LPWDEV0199" failures="0" tests="1" name="sanity_Simple_Book_APIs.Delete_A_Single_Order" time="1.461" errors="0" timestamp="2024-04-30T23:06:54 IST" skipped="0">
  <testcase classname="sanity_Simple_Book_APIs.Delete_A_Single_Order" name="delete_Single_Order" time="1.461"/>
  <system-out/>
</testsuite> <!-- sanity_Simple_Book_APIs.Delete_A_Single_Order -->
